<?xml version="1.0" encoding="UTF-8"?>
<!-- Generated by org.testng.reporters.JUnitXMLReporter -->
<testsuite ignored="14" hostname="LeX-PC" failures="2" tests="26" name="DynamicGroups" time="7.061" errors="0" timestamp="2024-06-18T11:59:36 CEST">
  <testcase classname="com.felixgear.petstores.person.PersonTests" name="testCreateUsersWithArrayFailure" time="1.789"/>
  <testcase classname="com.felixgear.petstores.person.PersonTests" name="testGetUserByUsernameFailure" time="0.699"/>
  <testcase classname="com.felixgear.petstores.person.PersonTests" name="testLogoutUserFailure" time="0.0"/>
  <testcase classname="com.felixgear.petstores.store.StoreTests" name="testDeleteOrderByIdFailure" time="0.661"/>
  <testcase classname="com.felixgear.petstores.store.StoreTests" name="testGetInventorySuccess" time="0.622"/>
  <testcase classname="com.felixgear.petstores.store.StoreTests" name="testGetOrderByIdFailure" time="0.649"/>
  <testcase classname="com.felixgear.petstores.store.StoreTests" name="testPlaceOrderFailure" time="0.644"/>
  <testcase classname="com.felixgear.petstores.store.StoreTests" name="testPlaceOrderSuccess" time="0.007">
    <failure type="java.net.ConnectException" message="Connection refused: connect">
      <![CDATA[java.net.ConnectException: Connection refused: connect
at java.base/java.net.PlainSocketImpl.connect0(Native Method)
at java.base/java.net.PlainSocketImpl.socketConnect(PlainSocketImpl.java:101)
at java.base/java.net.AbstractPlainSocketImpl.doConnect(AbstractPlainSocketImpl.java:412)
at java.base/java.net.AbstractPlainSocketImpl.connectToAddress(AbstractPlainSocketImpl.java:255)
at java.base/java.net.AbstractPlainSocketImpl.connect(AbstractPlainSocketImpl.java:237)
at java.base/java.net.SocksSocketImpl.connect(SocksSocketImpl.java:392)
at java.base/java.net.Socket.connect(Socket.java:608)
at org.apache.http.conn.scheme.PlainSocketFactory.connectSocket(PlainSocketFactory.java:121)
at org.apache.http.impl.conn.DefaultClientConnectionOperator.openConnection(DefaultClientConnectionOperator.java:180)
at org.apache.http.impl.conn.ManagedClientConnectionImpl.open(ManagedClientConnectionImpl.java:326)
at org.apache.http.impl.client.DefaultRequestDirector.tryConnect(DefaultRequestDirector.java:605)
at org.apache.http.impl.client.DefaultRequestDirector.execute(DefaultRequestDirector.java:440)
at org.apache.http.impl.client.AbstractHttpClient.doExecute(AbstractHttpClient.java:835)
at org.apache.http.impl.client.CloseableHttpClient.execute(CloseableHttpClient.java:83)
at io.restassured.internal.RestAssuredHttpBuilder.doRequest(RestAssuredHttpBuilder.java:141)
at io.restassured.internal.http.HTTPBuilder.doRequest(HTTPBuilder.java:496)
at io.restassured.internal.http.HTTPBuilder.request(HTTPBuilder.java:453)
at io.restassured.internal.http.HTTPBuilder$request$2.call(Unknown Source)
at io.restassured.internal.RequestSpecificationImpl.sendHttpRequest(RequestSpecificationImpl.groovy:1480)
at io.restassured.internal.RequestSpecificationImpl.this$2$sendHttpRequest(RequestSpecificationImpl.groovy)
at groovy.lang.MetaMethod.doMethodInvoke(MetaMethod.java:328)
at groovy.lang.MetaClassImpl.doInvokeMethod(MetaClassImpl.java:1334)
at groovy.lang.MetaClassImpl.invokeMethod(MetaClassImpl.java:1089)
at groovy.lang.MetaClassImpl.invokeMethod(MetaClassImpl.java:1008)
at groovy.lang.MetaClassImpl.invokeMethod(MetaClassImpl.java:791)
at io.restassured.internal.RequestSpecificationImpl.invokeMethod(RequestSpecificationImpl.groovy)
at org.codehaus.groovy.runtime.callsite.PogoInterceptableSite.call(PogoInterceptableSite.java:46)
at org.codehaus.groovy.runtime.callsite.PogoInterceptableSite.callCurrent(PogoInterceptableSite.java:57)
at io.restassured.internal.RequestSpecificationImpl.sendRequest(RequestSpecificationImpl.groovy:1229)
at io.restassured.internal.RequestSpecificationImpl.this$2$sendRequest(RequestSpecificationImpl.groovy)
at groovy.lang.MetaMethod.doMethodInvoke(MetaMethod.java:328)
at groovy.lang.MetaClassImpl.doInvokeMethod(MetaClassImpl.java:1334)
at groovy.lang.MetaClassImpl.invokeMethod(MetaClassImpl.java:1089)
at groovy.lang.MetaClassImpl.invokeMethod(MetaClassImpl.java:1008)
at groovy.lang.MetaClassImpl.invokeMethod(MetaClassImpl.java:791)
at io.restassured.internal.RequestSpecificationImpl.invokeMethod(RequestSpecificationImpl.groovy)
at org.codehaus.groovy.runtime.callsite.PogoInterceptableSite.call(PogoInterceptableSite.java:46)
at org.codehaus.groovy.runtime.callsite.AbstractCallSite.call(AbstractCallSite.java:166)
at io.restassured.internal.filter.SendRequestFilter.filter(SendRequestFilter.groovy:30)
at io.restassured.filter.Filter$filter.call(Unknown Source)
at org.codehaus.groovy.runtime.callsite.CallSiteArray.defaultCall(CallSiteArray.java:45)
at io.restassured.filter.Filter$filter$0.call(Unknown Source)
at io.restassured.internal.filter.FilterContextImpl.next(FilterContextImpl.groovy:72)
at io.restassured.filter.time.TimingFilter.filter(TimingFilter.java:56)
at io.restassured.filter.Filter$filter$0.call(Unknown Source)
at org.codehaus.groovy.runtime.callsite.CallSiteArray.defaultCall(CallSiteArray.java:45)
at io.restassured.filter.Filter$filter.call(Unknown Source)
at io.restassured.internal.filter.FilterContextImpl.next(FilterContextImpl.groovy:72)
at io.restassured.filter.FilterContext$next.call(Unknown Source)
at io.restassured.internal.filter.CsrfFilter.filter(CsrfFilter.groovy:70)
at io.restassured.filter.Filter$filter.call(Unknown Source)
at org.codehaus.groovy.runtime.callsite.CallSiteArray.defaultCall(CallSiteArray.java:45)
at io.restassured.filter.Filter$filter.call(Unknown Source)
at io.restassured.internal.filter.FilterContextImpl.next(FilterContextImpl.groovy:72)
at io.restassured.filter.FilterContext$next.call(Unknown Source)
at io.restassured.internal.RequestSpecificationImpl.applyPathParamsAndSendRequest(RequestSpecificationImpl.groovy:1704)
at io.restassured.internal.RequestSpecificationImpl.this$2$applyPathParamsAndSendRequest(RequestSpecificationImpl.groovy)
at groovy.lang.MetaMethod.doMethodInvoke(MetaMethod.java:328)
at groovy.lang.MetaClassImpl.doInvokeMethod(MetaClassImpl.java:1334)
at groovy.lang.MetaClassImpl.invokeMethod(MetaClassImpl.java:1089)
at groovy.lang.MetaClassImpl.invokeMethod(MetaClassImpl.java:1008)
at groovy.lang.MetaClassImpl.invokeMethod(MetaClassImpl.java:791)
at io.restassured.internal.RequestSpecificationImpl.invokeMethod(RequestSpecificationImpl.groovy)
at org.codehaus.groovy.runtime.callsite.PogoInterceptableSite.call(PogoInterceptableSite.java:46)
at org.codehaus.groovy.runtime.callsite.PogoInterceptableSite.callCurrent(PogoInterceptableSite.java:57)
at org.codehaus.groovy.runtime.callsite.AbstractCallSite.callCurrent(AbstractCallSite.java:203)
at io.restassured.internal.RequestSpecificationImpl.applyPathParamsAndSendRequest(RequestSpecificationImpl.groovy:1710)
at io.restassured.internal.RequestSpecificationImpl.this$2$applyPathParamsAndSendRequest(RequestSpecificationImpl.groovy)
at groovy.lang.MetaMethod.doMethodInvoke(MetaMethod.java:328)
at groovy.lang.MetaClassImpl.doInvokeMethod(MetaClassImpl.java:1334)
at groovy.lang.MetaClassImpl.invokeMethod(MetaClassImpl.java:1089)
at groovy.lang.MetaClassImpl.invokeMethod(MetaClassImpl.java:1008)
at groovy.lang.MetaClassImpl.invokeMethod(MetaClassImpl.java:791)
at io.restassured.internal.RequestSpecificationImpl.invokeMethod(RequestSpecificationImpl.groovy)
at org.codehaus.groovy.runtime.callsite.PogoInterceptableSite.call(PogoInterceptableSite.java:46)
at org.codehaus.groovy.runtime.callsite.PogoInterceptableSite.callCurrent(PogoInterceptableSite.java:57)
at org.codehaus.groovy.runtime.callsite.AbstractCallSite.callCurrent(AbstractCallSite.java:203)
at io.restassured.internal.RequestSpecificationImpl.get(RequestSpecificationImpl.groovy:172)
at io.restassured.internal.RequestSpecificationImpl.get(RequestSpecificationImpl.groovy)
at io.restassured.RestAssured.get(RestAssured.java:721)
at com.felixgear.petstores.store.StoreTests.testPlaceOrderSuccess(StoreTests.java:23)
at java.base/java.util.ArrayList.forEach(ArrayList.java:1541)
... Removed 47 stack frames]]>
    </failure>
  </testcase> <!-- testPlaceOrderSuccess -->
  <testcase classname="com.felixgear.petstores.pet.PetTests" name="testAddNewPetFailure" time="0.633"/>
  <testcase classname="com.felixgear.petstores.pet.PetTests" name="testAddNewPetSuccess" time="0.008">
    <failure type="java.net.ConnectException" message="Connection refused: connect">
      <![CDATA[java.net.ConnectException: Connection refused: connect
at java.base/java.net.PlainSocketImpl.connect0(Native Method)
at java.base/java.net.PlainSocketImpl.socketConnect(PlainSocketImpl.java:101)
at java.base/java.net.AbstractPlainSocketImpl.doConnect(AbstractPlainSocketImpl.java:412)
at java.base/java.net.AbstractPlainSocketImpl.connectToAddress(AbstractPlainSocketImpl.java:255)
at java.base/java.net.AbstractPlainSocketImpl.connect(AbstractPlainSocketImpl.java:237)
at java.base/java.net.SocksSocketImpl.connect(SocksSocketImpl.java:392)
at java.base/java.net.Socket.connect(Socket.java:608)
at org.apache.http.conn.scheme.PlainSocketFactory.connectSocket(PlainSocketFactory.java:121)
at org.apache.http.impl.conn.DefaultClientConnectionOperator.openConnection(DefaultClientConnectionOperator.java:180)
at org.apache.http.impl.conn.ManagedClientConnectionImpl.open(ManagedClientConnectionImpl.java:326)
at org.apache.http.impl.client.DefaultRequestDirector.tryConnect(DefaultRequestDirector.java:605)
at org.apache.http.impl.client.DefaultRequestDirector.execute(DefaultRequestDirector.java:440)
at org.apache.http.impl.client.AbstractHttpClient.doExecute(AbstractHttpClient.java:835)
at org.apache.http.impl.client.CloseableHttpClient.execute(CloseableHttpClient.java:83)
at io.restassured.internal.RestAssuredHttpBuilder.doRequest(RestAssuredHttpBuilder.java:141)
at io.restassured.internal.http.HTTPBuilder.doRequest(HTTPBuilder.java:496)
at io.restassured.internal.http.HTTPBuilder.request(HTTPBuilder.java:453)
at io.restassured.internal.http.HTTPBuilder$request$2.call(Unknown Source)
at io.restassured.internal.RequestSpecificationImpl.sendHttpRequest(RequestSpecificationImpl.groovy:1480)
at io.restassured.internal.RequestSpecificationImpl.this$2$sendHttpRequest(RequestSpecificationImpl.groovy)
at groovy.lang.MetaMethod.doMethodInvoke(MetaMethod.java:328)
at groovy.lang.MetaClassImpl.doInvokeMethod(MetaClassImpl.java:1334)
at groovy.lang.MetaClassImpl.invokeMethod(MetaClassImpl.java:1089)
at groovy.lang.MetaClassImpl.invokeMethod(MetaClassImpl.java:1008)
at groovy.lang.MetaClassImpl.invokeMethod(MetaClassImpl.java:791)
at io.restassured.internal.RequestSpecificationImpl.invokeMethod(RequestSpecificationImpl.groovy)
at org.codehaus.groovy.runtime.callsite.PogoInterceptableSite.call(PogoInterceptableSite.java:46)
at org.codehaus.groovy.runtime.callsite.PogoInterceptableSite.callCurrent(PogoInterceptableSite.java:57)
at io.restassured.internal.RequestSpecificationImpl.sendRequest(RequestSpecificationImpl.groovy:1229)
at io.restassured.internal.RequestSpecificationImpl.this$2$sendRequest(RequestSpecificationImpl.groovy)
at groovy.lang.MetaMethod.doMethodInvoke(MetaMethod.java:328)
at groovy.lang.MetaClassImpl.doInvokeMethod(MetaClassImpl.java:1334)
at groovy.lang.MetaClassImpl.invokeMethod(MetaClassImpl.java:1089)
at groovy.lang.MetaClassImpl.invokeMethod(MetaClassImpl.java:1008)
at groovy.lang.MetaClassImpl.invokeMethod(MetaClassImpl.java:791)
at io.restassured.internal.RequestSpecificationImpl.invokeMethod(RequestSpecificationImpl.groovy)
at org.codehaus.groovy.runtime.callsite.PogoInterceptableSite.call(PogoInterceptableSite.java:46)
at org.codehaus.groovy.runtime.callsite.AbstractCallSite.call(AbstractCallSite.java:166)
at io.restassured.internal.filter.SendRequestFilter.filter(SendRequestFilter.groovy:30)
at io.restassured.filter.Filter$filter.call(Unknown Source)
at org.codehaus.groovy.runtime.callsite.CallSiteArray.defaultCall(CallSiteArray.java:45)
at io.restassured.filter.Filter$filter$0.call(Unknown Source)
at io.restassured.internal.filter.FilterContextImpl.next(FilterContextImpl.groovy:72)
at io.restassured.filter.time.TimingFilter.filter(TimingFilter.java:56)
at io.restassured.filter.Filter$filter$0.call(Unknown Source)
at org.codehaus.groovy.runtime.callsite.CallSiteArray.defaultCall(CallSiteArray.java:45)
at io.restassured.filter.Filter$filter.call(Unknown Source)
at io.restassured.internal.filter.FilterContextImpl.next(FilterContextImpl.groovy:72)
at io.restassured.filter.FilterContext$next.call(Unknown Source)
at io.restassured.internal.filter.CsrfFilter.filter(CsrfFilter.groovy:70)
at io.restassured.filter.Filter$filter.call(Unknown Source)
at org.codehaus.groovy.runtime.callsite.CallSiteArray.defaultCall(CallSiteArray.java:45)
at io.restassured.filter.Filter$filter.call(Unknown Source)
at io.restassured.internal.filter.FilterContextImpl.next(FilterContextImpl.groovy:72)
at io.restassured.filter.FilterContext$next.call(Unknown Source)
at io.restassured.internal.RequestSpecificationImpl.applyPathParamsAndSendRequest(RequestSpecificationImpl.groovy:1704)
at io.restassured.internal.RequestSpecificationImpl.this$2$applyPathParamsAndSendRequest(RequestSpecificationImpl.groovy)
at groovy.lang.MetaMethod.doMethodInvoke(MetaMethod.java:328)
at groovy.lang.MetaClassImpl.doInvokeMethod(MetaClassImpl.java:1334)
at groovy.lang.MetaClassImpl.invokeMethod(MetaClassImpl.java:1089)
at groovy.lang.MetaClassImpl.invokeMethod(MetaClassImpl.java:1008)
at groovy.lang.MetaClassImpl.invokeMethod(MetaClassImpl.java:791)
at io.restassured.internal.RequestSpecificationImpl.invokeMethod(RequestSpecificationImpl.groovy)
at org.codehaus.groovy.runtime.callsite.PogoInterceptableSite.call(PogoInterceptableSite.java:46)
at org.codehaus.groovy.runtime.callsite.PogoInterceptableSite.callCurrent(PogoInterceptableSite.java:57)
at org.codehaus.groovy.runtime.callsite.AbstractCallSite.callCurrent(AbstractCallSite.java:203)
at io.restassured.internal.RequestSpecificationImpl.applyPathParamsAndSendRequest(RequestSpecificationImpl.groovy:1710)
at io.restassured.internal.RequestSpecificationImpl.this$2$applyPathParamsAndSendRequest(RequestSpecificationImpl.groovy)
at groovy.lang.MetaMethod.doMethodInvoke(MetaMethod.java:328)
at groovy.lang.MetaClassImpl.doInvokeMethod(MetaClassImpl.java:1334)
at groovy.lang.MetaClassImpl.invokeMethod(MetaClassImpl.java:1089)
at groovy.lang.MetaClassImpl.invokeMethod(MetaClassImpl.java:1008)
at groovy.lang.MetaClassImpl.invokeMethod(MetaClassImpl.java:791)
at io.restassured.internal.RequestSpecificationImpl.invokeMethod(RequestSpecificationImpl.groovy)
at org.codehaus.groovy.runtime.callsite.PogoInterceptableSite.call(PogoInterceptableSite.java:46)
at org.codehaus.groovy.runtime.callsite.PogoInterceptableSite.callCurrent(PogoInterceptableSite.java:57)
at org.codehaus.groovy.runtime.callsite.AbstractCallSite.callCurrent(AbstractCallSite.java:203)
at io.restassured.internal.RequestSpecificationImpl.get(RequestSpecificationImpl.groovy:172)
at io.restassured.internal.RequestSpecificationImpl.get(RequestSpecificationImpl.groovy)
at io.restassured.RestAssured.get(RestAssured.java:721)
at com.felixgear.petstores.pet.PetTests.testAddNewPetSuccess(PetTests.java:54)
at java.base/java.util.ArrayList.forEach(ArrayList.java:1541)
... Removed 47 stack frames]]>
    </failure>
  </testcase> <!-- testAddNewPetSuccess -->
  <testcase classname="com.felixgear.petstores.pet.PetTests" name="testFindPetsByStatusFailure" time="0.652"/>
  <testcase classname="com.felixgear.petstores.pet.PetTests" name="testUpdatePetFailure" time="0.635"/>
  <testcase classname="com.felixgear.petstores.store.StoreTests" name="testDeleteOrderByIdSuccess" time="0.0">
    <skipped/>
  </testcase> <!-- testDeleteOrderByIdSuccess -->
  <testcase classname="com.felixgear.petstores.store.StoreTests" name="testGetOrderByIdSuccess" time="0.0">
    <skipped/>
  </testcase> <!-- testGetOrderByIdSuccess -->
  <testcase classname="com.felixgear.petstores.pet.PetTests" name="testDeletePetFailure" time="0.0">
    <skipped/>
  </testcase> <!-- testDeletePetFailure -->
  <testcase classname="com.felixgear.petstores.pet.PetTests" name="testFindPetByIdFailure" time="0.0">
    <skipped/>
  </testcase> <!-- testFindPetByIdFailure -->
  <testcase classname="com.felixgear.petstores.pet.PetTests" name="testFindPetsByStatusSuccess" time="0.0">
    <skipped/>
  </testcase> <!-- testFindPetsByStatusSuccess -->
  <testcase classname="com.felixgear.petstores.pet.PetTests" name="testFindPetsByTagsFailure" time="0.0">
    <skipped/>
  </testcase> <!-- testFindPetsByTagsFailure -->
  <testcase classname="com.felixgear.petstores.pet.PetTests" name="testFindPetsByTagsSuccess" time="0.0">
    <skipped/>
  </testcase> <!-- testFindPetsByTagsSuccess -->
  <testcase classname="com.felixgear.petstores.pet.PetTests" name="testUpdatePetSuccess" time="0.0">
    <skipped/>
  </testcase> <!-- testUpdatePetSuccess -->
  <testcase classname="com.felixgear.petstores.pet.PetTests" name="testUpdatePetWithFormFailure" time="0.0">
    <skipped/>
  </testcase> <!-- testUpdatePetWithFormFailure -->
  <testcase classname="com.felixgear.petstores.pet.PetTests" name="testUpdatePetWithFormSuccess" time="0.0">
    <skipped/>
  </testcase> <!-- testUpdatePetWithFormSuccess -->
  <testcase classname="com.felixgear.petstores.pet.PetTests" name="testUploadImageSuccess" time="0.0">
    <skipped/>
  </testcase> <!-- testUploadImageSuccess -->
  <testcase classname="com.felixgear.petstores.pet.PetTests" name="testFindPetByIdAfterUpdateSuccess" time="0.0">
    <skipped/>
  </testcase> <!-- testFindPetByIdAfterUpdateSuccess -->
  <testcase classname="com.felixgear.petstores.pet.PetTests" name="testDeletePetSuccess" time="0.0">
    <skipped/>
  </testcase> <!-- testDeletePetSuccess -->
  <testcase classname="com.felixgear.petstores.pet.PetTests" name="testFindPetByIdAfterDeleteSuccess" time="0.0">
    <skipped/>
  </testcase> <!-- testFindPetByIdAfterDeleteSuccess -->
  <testcase classname="com.felixgear.petstores.person.PersonTests" name="testLogoutUserSuccess" time="0.0">
    <ignored/>
  </testcase> <!-- testLogoutUserSuccess -->
  <testcase classname="com.felixgear.petstores.person.PersonTests" name="testLoginUserFailure" time="0.0">
    <ignored/>
  </testcase> <!-- testLoginUserFailure -->
  <testcase classname="com.felixgear.petstores.person.PersonTests" name="testCreateUsersWithListFailure" time="0.0">
    <ignored/>
  </testcase> <!-- testCreateUsersWithListFailure -->
  <testcase classname="com.felixgear.petstores.person.PersonTests" name="testCreatePersonSuccess" time="0.0">
    <ignored/>
  </testcase> <!-- testCreatePersonSuccess -->
  <testcase classname="com.felixgear.petstores.person.PersonTests" name="testCreateUsersWithArraySuccess" time="0.0">
    <ignored/>
  </testcase> <!-- testCreateUsersWithArraySuccess -->
  <testcase classname="com.felixgear.petstores.person.PersonTests" name="testGetUserByUsernameSuccess" time="0.0">
    <ignored/>
  </testcase> <!-- testGetUserByUsernameSuccess -->
  <testcase classname="com.felixgear.petstores.person.PersonTests" name="testUpdatePersonSuccess" time="0.0">
    <ignored/>
  </testcase> <!-- testUpdatePersonSuccess -->
  <testcase classname="com.felixgear.petstores.person.PersonTests" name="testUpdatePersonFailure" time="0.0">
    <ignored/>
  </testcase> <!-- testUpdatePersonFailure -->
  <testcase classname="com.felixgear.petstores.person.PersonTests" name="testDeletePersonSuccess" time="0.0">
    <ignored/>
  </testcase> <!-- testDeletePersonSuccess -->
  <testcase classname="com.felixgear.petstores.pet.PetTests" name="testUploadImageFailure" time="0.0">
    <ignored/>
  </testcase> <!-- testUploadImageFailure -->
  <testcase classname="com.felixgear.petstores.person.PersonTests" name="testDeletePersonFailure" time="0.0">
    <ignored/>
  </testcase> <!-- testDeletePersonFailure -->
  <testcase classname="com.felixgear.petstores.person.PersonTests" name="testLoginUserSuccess" time="0.0">
    <ignored/>
  </testcase> <!-- testLoginUserSuccess -->
  <testcase classname="com.felixgear.petstores.person.PersonTests" name="testCreateUsersWithListSuccess" time="0.0">
    <ignored/>
  </testcase> <!-- testCreateUsersWithListSuccess -->
  <testcase classname="com.felixgear.petstores.person.PersonTests" name="testCreatePersonFailure" time="0.0">
    <ignored/>
  </testcase> <!-- testCreatePersonFailure -->
</testsuite> <!-- DynamicGroups -->
